<?xml version="1.0" encoding="UTF-8"?>
<testng-results ignored="0" total="1" passed="1" failed="0" skipped="0">
  <reporter-output>
  </reporter-output>
  <suite started-at="2022-04-14T10:44:01 PDT" name="Default suite" finished-at="2022-04-14T10:44:15 PDT" duration-ms="14753">
    <groups>
      <group name="cucumber">
        <method signature="AbstractTestNGCucumberTests.runScenario(io.cucumber.testng.PickleWrapper, io.cucumber.testng.FeatureWrapper)[pri:0, instance:TestRunner.testRunnerCart@272ed83b]" name="runScenario" class="io.cucumber.testng.AbstractTestNGCucumberTests"/>
      </group> <!-- cucumber -->
    </groups>
    <test started-at="2022-04-14T10:44:01 PDT" name="Default test" finished-at="2022-04-14T10:44:15 PDT" duration-ms="14753">
      <class name="TestRunner.testRunnerCart">
        <test-method is-config="true" signature="setup2()[pri:0, instance:TestRunner.testRunnerCart@272ed83b]" started-at="2022-04-14T10:44:01 PDT" name="setup2" finished-at="2022-04-14T10:44:02 PDT" duration-ms="1650" status="PASS">
          <reporter-output>
          </reporter-output>
        </test-method> <!-- setup2 -->
        <test-method is-config="true" signature="setUpClass(org.testng.ITestContext)[pri:0, instance:TestRunner.testRunnerCart@272ed83b]" started-at="2022-04-14T10:44:02 PDT" name="setUpClass" finished-at="2022-04-14T10:44:03 PDT" duration-ms="116" status="PASS">
          <params>
            <param index="0">
              <value>
                <![CDATA[org.testng.TestRunner@b0fc838]]>
              </value>
            </param>
          </params>
          <reporter-output>
          </reporter-output>
        </test-method> <!-- setUpClass -->
        <test-method signature="runScenario(io.cucumber.testng.PickleWrapper, io.cucumber.testng.FeatureWrapper)[pri:0, instance:TestRunner.testRunnerCart@272ed83b]" started-at="2022-04-14T10:44:03 PDT" name="runScenario" description="Runs Cucumber Scenarios" data-provider="scenarios" finished-at="2022-04-14T10:44:15 PDT" duration-ms="12021" status="PASS">
          <params>
            <param index="0">
              <value>
                <![CDATA["Verify User added Samsung6 in cart"]]>
              </value>
            </param>
            <param index="1">
              <value>
                <![CDATA["Optional[Adding Item In Cart]"]]>
              </value>
            </param>
          </params>
          <reporter-output>
          </reporter-output>
        </test-method> <!-- runScenario -->
        <test-method is-config="true" signature="tearDownClass()[pri:0, instance:TestRunner.testRunnerCart@272ed83b]" started-at="2022-04-14T10:44:15 PDT" name="tearDownClass" finished-at="2022-04-14T10:44:15 PDT" duration-ms="285" status="PASS">
          <reporter-output>
          </reporter-output>
        </test-method> <!-- tearDownClass -->
        <test-method is-config="true" signature="close()[pri:0, instance:TestRunner.testRunnerCart@272ed83b]" started-at="2022-04-14T10:44:15 PDT" name="close" finished-at="2022-04-14T10:44:15 PDT" duration-ms="654" status="PASS">
          <reporter-output>
          </reporter-output>
        </test-method> <!-- close -->
      </class> <!-- TestRunner.testRunnerCart -->
    </test> <!-- Default test -->
  </suite> <!-- Default suite -->
</testng-results>
